0 info it worked if it ends with ok
1 verbose cli [ '/usr/local/bin/node', '/usr/local/bin/npm', 'publish' ]
2 info using npm@3.7.3
3 info using node@v5.9.1
4 verbose publish [ '.' ]
5 silly cache add args [ '.', null ]
6 verbose cache add spec .
7 silly cache add parsed spec Result {
7 silly cache add   raw: '.',
7 silly cache add   scope: null,
7 silly cache add   name: null,
7 silly cache add   rawSpec: '.',
7 silly cache add   spec: '/Applications/XAMPP/xamppfiles/htdocs/github/tellin',
7 silly cache add   type: 'directory' }
8 verbose addLocalDirectory /Users/yulhuang/.npm/tellin/1.0.7/package.tgz not in flight; packing
9 verbose correctMkdir /Users/yulhuang/.npm correctMkdir not in flight; initializing
10 info lifecycle tellin@1.0.7~prepublish: tellin@1.0.7
11 silly lifecycle tellin@1.0.7~prepublish: no script for prepublish, continuing
12 verbose tar pack [ '/Users/yulhuang/.npm/tellin/1.0.7/package.tgz',
12 verbose tar pack   '/Applications/XAMPP/xamppfiles/htdocs/github/tellin' ]
13 verbose tarball /Users/yulhuang/.npm/tellin/1.0.7/package.tgz
14 verbose folder /Applications/XAMPP/xamppfiles/htdocs/github/tellin
15 verbose addLocalTarball adding from inside cache /Users/yulhuang/.npm/tellin/1.0.7/package.tgz
16 verbose correctMkdir /Users/yulhuang/.npm correctMkdir not in flight; initializing
17 silly cache afterAdd tellin@1.0.7
18 verbose afterAdd /Users/yulhuang/.npm/tellin/1.0.7/package/package.json not in flight; writing
19 verbose correctMkdir /Users/yulhuang/.npm correctMkdir not in flight; initializing
20 verbose afterAdd /Users/yulhuang/.npm/tellin/1.0.7/package/package.json written
21 silly publish { name: 'tellin',
21 silly publish   version: '1.0.7',
21 silly publish   description: 'a static site generator',
21 silly publish   main: './lib/tellin.js',
21 silly publish   bin: { tellin: './bin/tellin' },
21 silly publish   scripts: { test: 'echo "Error: no test specified" && exit 1' },
21 silly publish   repository:
21 silly publish    { type: 'git',
21 silly publish      url: 'git+https://github.com/ArthusLiang/tellin.git' },
21 silly publish   keywords: [ 'markdown', 'static', 'sit', 'javascript' ],
21 silly publish   author: { name: 'Arthus' },
21 silly publish   license: 'MIT',
21 silly publish   bugs: { url: 'https://github.com/ArthusLiang/tellin/issues' },
21 silly publish   homepage: 'https://github.com/ArthusLiang/tellin#readme',
21 silly publish   dependencies:
21 silly publish    { ejs: '^2.4.1',
21 silly publish      'highlight.js': '^9.3.0',
21 silly publish      'js-yaml': '^3.6.0',
21 silly publish      marked: '^0.3.5' },
21 silly publish   devDependencies:
21 silly publish    { ejs: '^2.4.1',
21 silly publish      'highlight.js': '^9.3.0',
21 silly publish      'js-yaml': '^3.6.0',
21 silly publish      marked: '^0.3.5' },
21 silly publish   readme: '# tellin\na static site generator\n',
21 silly publish   readmeFilename: 'README.md',
21 silly publish   gitHead: '98cab49b55fc46699ee26d1d552af69a343897a6',
21 silly publish   _id: 'tellin@1.0.7',
21 silly publish   _shasum: 'c04f447da8eab51e8d06bdae977c4026fb8d8ef3',
21 silly publish   _from: '.' }
22 verbose getPublishConfig undefined
23 silly mapToRegistry name tellin
24 silly mapToRegistry using default registry
25 silly mapToRegistry registry https://registry.npmjs.org/
26 silly mapToRegistry uri https://registry.npmjs.org/tellin
27 verbose publish registryBase https://registry.npmjs.org/
28 silly publish uploading /Users/yulhuang/.npm/tellin/1.0.7/package.tgz
29 verbose request uri https://registry.npmjs.org/tellin
30 verbose request sending authorization for write operation
31 info attempt registry request try #1 at 15:00:50
32 verbose request using bearer token for auth
33 verbose request id ee698caaf517cbd7
34 http request PUT https://registry.npmjs.org/tellin
35 http 403 https://registry.npmjs.org/tellin
36 verbose headers { 'content-type': 'application/json',
36 verbose headers   'cache-control': 'max-age=300',
36 verbose headers   'content-length': '95',
36 verbose headers   'accept-ranges': 'bytes',
36 verbose headers   date: 'Tue, 21 Jun 2016 07:00:52 GMT',
36 verbose headers   via: '1.1 varnish',
36 verbose headers   connection: 'keep-alive',
36 verbose headers   'x-served-by': 'cache-sin6924-SIN',
36 verbose headers   'x-cache': 'MISS',
36 verbose headers   'x-cache-hits': '0',
36 verbose headers   'x-timer': 'S1466492451.483966,VS0,VE1244',
36 verbose headers   vary: 'Accept-Encoding' }
37 verbose request invalidating /Users/yulhuang/.npm/registry.npmjs.org/tellin on PUT
38 error publish Failed PUT 403
39 verbose stack Error: "You cannot publish over the previously published version 1.0.7." : tellin
39 verbose stack     at makeError (/usr/local/lib/node_modules/npm/node_modules/npm-registry-client/lib/request.js:264:12)
39 verbose stack     at CachingRegistryClient.<anonymous> (/usr/local/lib/node_modules/npm/node_modules/npm-registry-client/lib/request.js:252:14)
39 verbose stack     at Request._callback (/usr/local/lib/node_modules/npm/node_modules/npm-registry-client/lib/request.js:172:14)
39 verbose stack     at Request.self.callback (/usr/local/lib/node_modules/npm/node_modules/request/request.js:199:22)
39 verbose stack     at emitTwo (events.js:100:13)
39 verbose stack     at Request.emit (events.js:185:7)
39 verbose stack     at Request.<anonymous> (/usr/local/lib/node_modules/npm/node_modules/request/request.js:1036:10)
39 verbose stack     at emitOne (events.js:95:20)
39 verbose stack     at Request.emit (events.js:182:7)
39 verbose stack     at IncomingMessage.<anonymous> (/usr/local/lib/node_modules/npm/node_modules/request/request.js:963:12)
40 verbose statusCode 403
41 verbose pkgid tellin
42 verbose cwd /Applications/XAMPP/xamppfiles/htdocs/github/tellin
43 error Darwin 14.5.0
44 error argv "/usr/local/bin/node" "/usr/local/bin/npm" "publish"
45 error node v5.9.1
46 error npm  v3.7.3
47 error code E403
48 error "You cannot publish over the previously published version 1.0.7." : tellin
49 error If you need help, you may report this error at:
49 error     <https://github.com/npm/npm/issues>
50 verbose exit [ 1, true ]
